Determining if the pthread_create exist failed with the following output:
Change Dir: /home/daniel/workspace/dynINO/build/CMakeFiles/CMakeTmp

Run Build Command:"/usr/bin/make" "cmTC_fd55d/fast"
/usr/bin/make -f CMakeFiles/cmTC_fd55d.dir/build.make CMakeFiles/cmTC_fd55d.dir/build
make[1]: se entra en el directorio '/home/daniel/workspace/dynINO/build/CMakeFiles/CMakeTmp'
Building C object CMakeFiles/cmTC_fd55d.dir/CheckSymbolExists.c.o
/usr/bin/cc     -o CMakeFiles/cmTC_fd55d.dir/CheckSymbolExists.c.o   -c /home/daniel/workspace/dynINO/build/CMakeFiles/CMakeTmp/CheckSymbolExists.c
Linking C executable cmTC_fd55d
/usr/bin/cmake -E cmake_link_script CMakeFiles/cmTC_fd55d.dir/link.txt --verbose=1
/usr/bin/cc       CMakeFiles/cmTC_fd55d.dir/CheckSymbolExists.c.o  -o cmTC_fd55d -rdynamic 
CMakeFiles/cmTC_fd55d.dir/CheckSymbolExists.c.o: En la función `main':
CheckSymbolExists.c:(.text+0x16): referencia a `pthread_create' sin definir
collect2: error: ld returned 1 exit status
CMakeFiles/cmTC_fd55d.dir/build.make:97: fallo en las instrucciones para el objetivo 'cmTC_fd55d'
make[1]: *** [cmTC_fd55d] Error 1
make[1]: se sale del directorio '/home/daniel/workspace/dynINO/build/CMakeFiles/CMakeTmp'
Makefile:126: fallo en las instrucciones para el objetivo 'cmTC_fd55d/fast'
make: *** [cmTC_fd55d/fast] Error 2

File /home/daniel/workspace/dynINO/build/CMakeFiles/CMakeTmp/CheckSymbolExists.c:
/* */
#include <pthread.h>

int main(int argc, char** argv)
{
  (void)argv;
#ifndef pthread_create
  return ((int*)(&pthread_create))[argc];
#else
  (void)argc;
  return 0;
#endif
}

Determining if the function pthread_create exists in the pthreads failed with the following output:
Change Dir: /home/daniel/workspace/dynINO/build/CMakeFiles/CMakeTmp

Run Build Command:"/usr/bin/make" "cmTC_1d9bf/fast"
/usr/bin/make -f CMakeFiles/cmTC_1d9bf.dir/build.make CMakeFiles/cmTC_1d9bf.dir/build
make[1]: se entra en el directorio '/home/daniel/workspace/dynINO/build/CMakeFiles/CMakeTmp'
Building C object CMakeFiles/cmTC_1d9bf.dir/CheckFunctionExists.c.o
/usr/bin/cc    -DCHECK_FUNCTION_EXISTS=pthread_create   -o CMakeFiles/cmTC_1d9bf.dir/CheckFunctionExists.c.o   -c /usr/share/cmake-3.5/Modules/CheckFunctionExists.c
Linking C executable cmTC_1d9bf
/usr/bin/cmake -E cmake_link_script CMakeFiles/cmTC_1d9bf.dir/link.txt --verbose=1
/usr/bin/cc   -DCHECK_FUNCTION_EXISTS=pthread_create    CMakeFiles/cmTC_1d9bf.dir/CheckFunctionExists.c.o  -o cmTC_1d9bf -rdynamic -lpthreads 
/usr/bin/ld: no se puede encontrar -lpthreads
collect2: error: ld returned 1 exit status
CMakeFiles/cmTC_1d9bf.dir/build.make:97: fallo en las instrucciones para el objetivo 'cmTC_1d9bf'
make[1]: *** [cmTC_1d9bf] Error 1
make[1]: se sale del directorio '/home/daniel/workspace/dynINO/build/CMakeFiles/CMakeTmp'
Makefile:126: fallo en las instrucciones para el objetivo 'cmTC_1d9bf/fast'
make: *** [cmTC_1d9bf/fast] Error 2


